<?xml version="1.0" encoding="UTF-8"?>
<testng-results ignored="0" total="1" passed="1" failed="0" skipped="0">
  <reporter-output>
  </reporter-output>
  <suite started-at="2023-04-22T03:03:51 IST" name="Suite" finished-at="2023-04-22T03:04:15 IST" duration-ms="24421">
    <groups>
    </groups>
    <test started-at="2023-04-22T03:03:51 IST" name="Test" finished-at="2023-04-22T03:04:15 IST" duration-ms="24421">
      <class name="TestPack.HomeTest">
        <test-method signature="testTextBox()[pri:0, instance:TestPack.HomeTest@6babf3bf]" started-at="2023-04-22T03:03:51 IST" name="testTextBox" finished-at="2023-04-22T03:04:15 IST" duration-ms="24392" status="PASS">
          <reporter-output>
          </reporter-output>
        </test-method> <!-- testTextBox -->
      </class> <!-- TestPack.HomeTest -->
    </test> <!-- Test -->
  </suite> <!-- Suite -->
</testng-results>
